<?xml version="1.0" encoding="UTF-8"?>
<!-- Generated by org.testng.reporters.JUnitReportReporter -->
<testsuite hostname="LAPTOP-9VCQHVKN" failures="0" tests="1" name="com.inetbanking.testCases.TC_LoginTest_001" time="2.261" errors="0" timestamp="08 Apr 2020 17:28:02 GMT" skipped="0">
  <testcase classname="com.inetbanking.testCases.TC_LoginTest_001" name="loginTest" time="2.261"/>
</testsuite> <!-- com.inetbanking.testCases.TC_LoginTest_001 -->
