<?xml version="1.0" encoding="UTF-8"?>
<!-- Generated by org.testng.reporters.JUnitReportReporter -->
<testsuite hostname="LAPTOP-9VCQHVKN" failures="0" tests="1" name="com.inetbanking.testCases.TC_LoginTest_001" time="35.825" errors="0" timestamp="08 Apr 2020 19:16:16 GMT" skipped="0">
  <testcase classname="com.inetbanking.testCases.TC_LoginTest_001" name="loginTest" time="35.825"/>
</testsuite> <!-- com.inetbanking.testCases.TC_LoginTest_001 -->
