<?xml version="1.0" encoding="UTF-8"?>
<!-- Generated by org.testng.reporters.JUnitReportReporter -->
<testsuite hostname="LAPTOP-9VCQHVKN" failures="0" tests="1" name="com.inetbanking.testCases.TC_AddCustomerTest_003" time="19.122" errors="0" timestamp="08 Apr 2020 19:16:16 GMT" skipped="0">
  <testcase classname="com.inetbanking.testCases.TC_AddCustomerTest_003" name="addNewCustomer" time="19.122"/>
</testsuite> <!-- com.inetbanking.testCases.TC_AddCustomerTest_003 -->
